# JRE version: OpenJDK Runtime Environment Temurin-17.0.3+7 (17.0.3+7) (build 17.0.3+7)
# Java VM: OpenJDK 64-Bit Server VM Temurin-17.0.3+7 (17.0.3+7, mixed mode, tiered, compressed oops, compressed class ptrs, g1 gc, windows-amd64)
GC Precious Log:
 CPUs: 8 total, 8 available
 Memory: 6074M
 Large Page Support: Disabled
 NUMA Support: Disabled
 Compressed Oops: Enabled (32-bit)
 Heap Region Size: 1M
 Heap Min Capacity: 8M
 Heap Initial Capacity: 96M
 Heap Max Capacity: 1520M
 Pre-touch: Disabled
 Parallel Workers: 8
 Concurrent Workers: 2
 Concurrent Refinement Workers: 8
 Periodic GC: Disabled
Heap:
 garbage-first heap   total 79872K, used 40907K [0x00000000a1000000, 0x0000000100000000)
  region size 1024K, 8 young (8192K), 4 survivors (4096K)
 Metaspace       used 68018K, committed 68416K, reserved 1114112K
  class space    used 8472K, committed 8640K, reserved 1048576K
GC Heap History (20 events):
Event: 9.993 GC heap before
{Heap before GC invocations=31 (full 0):
 garbage-first heap   total 66560K, used 51982K [0x00000000a1000000, 0x0000000100000000)
  region size 1024K, 23 young (23552K), 1 survivors (1024K)
 Metaspace       used 50151K, committed 50432K, reserved 1097728K
  class space    used 6067K, committed 6208K, reserved 1048576K
}
Event: 9.995 GC heap after
{Heap after GC invocations=32 (full 0):
 garbage-first heap   total 66560K, used 29844K [0x00000000a1000000, 0x0000000100000000)
  region size 1024K, 2 young (2048K), 2 survivors (2048K)
 Metaspace       used 50151K, committed 50432K, reserved 1097728K
  class space    used 6067K, committed 6208K, reserved 1048576K
}
Event: 10.277 GC heap before
{Heap before GC invocations=32 (full 0):
 garbage-first heap   total 66560K, used 52372K [0x00000000a1000000, 0x0000000100000000)
  region size 1024K, 24 young (24576K), 2 survivors (2048K)
 Metaspace       used 52369K, committed 52736K, reserved 1097728K
  class space    used 6474K, committed 6656K, reserved 1048576K
}
Event: 10.280 GC heap after
{Heap after GC invocations=33 (full 0):
 garbage-first heap   total 66560K, used 30357K [0x00000000a1000000, 0x0000000100000000)
  region size 1024K, 2 young (2048K), 2 survivors (2048K)
 Metaspace       used 52369K, committed 52736K, reserved 1097728K
  class space    used 6474K, committed 6656K, reserved 1048576K
}
Event: 10.646 GC heap before
{Heap before GC invocations=33 (full 0):
 garbage-first heap   total 66560K, used 52885K [0x00000000a1000000, 0x0000000100000000)
  region size 1024K, 25 young (25600K), 2 survivors (2048K)
 Metaspace       used 54668K, committed 55040K, reserved 1097728K
  class space    used 6762K, committed 6912K, reserved 1048576K
}
Event: 10.648 GC heap after
{Heap after GC invocations=34 (full 0):
 garbage-first heap   total 66560K, used 31329K [0x00000000a1000000, 0x0000000100000000)
  region size 1024K, 3 young (3072K), 3 survivors (3072K)
 Metaspace       used 54668K, committed 55040K, reserved 1097728K
  class space    used 6762K, committed 6912K, reserved 1048576K
}
Event: 10.906 GC heap before
{Heap before GC invocations=34 (full 0):
 garbage-first heap   total 66560K, used 52833K [0x00000000a1000000, 0x0000000100000000)
  region size 1024K, 25 young (25600K), 3 survivors (3072K)
 Metaspace       used 56546K, committed 56832K, reserved 1105920K
  class space    used 6969K, committed 7104K, reserved 1048576K
}
Event: 10.910 GC heap after
{Heap after GC invocations=35 (full 0):
 garbage-first heap   total 66560K, used 31825K [0x00000000a1000000, 0x0000000100000000)
  region size 1024K, 3 young (3072K), 3 survivors (3072K)
 Metaspace       used 56546K, committed 56832K, reserved 1105920K
  class space    used 6969K, committed 7104K, reserved 1048576K
}
Event: 11.232 GC heap before
{Heap before GC invocations=35 (full 0):
 garbage-first heap   total 66560K, used 54353K [0x00000000a1000000, 0x0000000100000000)
  region size 1024K, 25 young (25600K), 3 survivors (3072K)
 Metaspace       used 58491K, committed 58816K, reserved 1105920K
  class space    used 7362K, committed 7488K, reserved 1048576K
}
Event: 11.235 GC heap after
{Heap after GC invocations=36 (full 0):
 garbage-first heap   total 79872K, used 32219K [0x00000000a1000000, 0x0000000100000000)
  region size 1024K, 3 young (3072K), 3 survivors (3072K)
 Metaspace       used 58491K, committed 58816K, reserved 1105920K
  class space    used 7362K, committed 7488K, reserved 1048576K
}
Event: 11.608 GC heap before
{Heap before GC invocations=36 (full 0):
 garbage-first heap   total 79872K, used 64987K [0x00000000a1000000, 0x0000000100000000)
  region size 1024K, 35 young (35840K), 3 survivors (3072K)
 Metaspace       used 59372K, committed 59776K, reserved 1105920K
  class space    used 7426K, committed 7616K, reserved 1048576K
}
Event: 11.611 GC heap after
{Heap after GC invocations=37 (full 0):
 garbage-first heap   total 79872K, used 32603K [0x00000000a1000000, 0x0000000100000000)
  region size 1024K, 3 young (3072K), 3 survivors (3072K)
 Metaspace       used 59372K, committed 59776K, reserved 1105920K
  class space    used 7426K, committed 7616K, reserved 1048576K
}
Event: 12.537 GC heap before
{Heap before GC invocations=37 (full 0):
 garbage-first heap   total 79872K, used 66395K [0x00000000a1000000, 0x0000000100000000)
  region size 1024K, 36 young (36864K), 3 survivors (3072K)
 Metaspace       used 61593K, committed 61952K, reserved 1105920K
  class space    used 7718K, committed 7872K, reserved 1048576K
}
Event: 12.541 GC heap after
{Heap after GC invocations=38 (full 0):
 garbage-first heap   total 79872K, used 33793K [0x00000000a1000000, 0x0000000100000000)
  region size 1024K, 4 young (4096K), 4 survivors (4096K)
 Metaspace       used 61593K, committed 61952K, reserved 1105920K
  class space    used 7718K, committed 7872K, reserved 1048576K
}
Event: 13.192 GC heap before
{Heap before GC invocations=38 (full 0):
 garbage-first heap   total 79872K, used 66561K [0x00000000a1000000, 0x0000000100000000)
  region size 1024K, 36 young (36864K), 4 survivors (4096K)
 Metaspace       used 63557K, committed 63872K, reserved 1105920K
  class space    used 7882K, committed 8064K, reserved 1048576K
}
Event: 13.196 GC heap after
{Heap after GC invocations=39 (full 0):
 garbage-first heap   total 79872K, used 35088K [0x00000000a1000000, 0x0000000100000000)
  region size 1024K, 4 young (4096K), 4 survivors (4096K)
 Metaspace       used 63557K, committed 63872K, reserved 1105920K
  class space    used 7882K, committed 8064K, reserved 1048576K
}
Event: 13.640 GC heap before
{Heap before GC invocations=39 (full 0):
 garbage-first heap   total 79872K, used 66832K [0x00000000a1000000, 0x0000000100000000)
  region size 1024K, 35 young (35840K), 4 survivors (4096K)
 Metaspace       used 65680K, committed 66048K, reserved 1114112K
  class space    used 8170K, committed 8384K, reserved 1048576K
}
Event: 13.646 GC heap after
{Heap after GC invocations=40 (full 0):
 garbage-first heap   total 79872K, used 36463K [0x00000000a1000000, 0x0000000100000000)
  region size 1024K, 4 young (4096K), 4 survivors (4096K)
 Metaspace       used 65680K, committed 66048K, reserved 1114112K
  class space    used 8170K, committed 8384K, reserved 1048576K
}
Event: 1973.258 GC heap before
{Heap before GC invocations=40 (full 0):
 garbage-first heap   total 79872K, used 67183K [0x00000000a1000000, 0x0000000100000000)
  region size 1024K, 34 young (34816K), 4 survivors (4096K)
 Metaspace       used 67872K, committed 68224K, reserved 1114112K
  class space    used 8472K, committed 8640K, reserved 1048576K
}
Event: 1973.416 GC heap after
{Heap after GC invocations=41 (full 0):
 garbage-first heap   total 79872K, used 37835K [0x00000000a1000000, 0x0000000100000000)
  region size 1024K, 4 young (4096K), 4 survivors (4096K)
 Metaspace       used 67872K, committed 68224K, reserved 1114112K
  class space    used 8472K, committed 8640K, reserved 1048576K
}

